<?xml version="1.0" encoding="UTF-8"?>
<!-- Generated by org.testng.reporters.JUnitReportReporter -->
<testsuite skipped="1" hostname="LAPTOP-RRO4KGR3" name="com.selenium.maventesting.AppTest" tests="2" failures="0" timestamp="09 Aug 2020 17:06:40 GMT" time="0.002" errors="0">
  <testcase name="testing" time="0.001" classname="com.selenium.maventesting.AppTest"/>
  <testcase name="testing2" time="0.001" classname="com.selenium.maventesting.AppTest">
    <skipped/>
  </testcase> <!-- testing2 -->
</testsuite> <!-- com.selenium.maventesting.AppTest -->
