<?xml version="1.0" encoding="UTF-8"?>
<!-- Generated by org.testng.reporters.JUnitReportReporter -->
<testsuite skipped="0" hostname="LAPTOP-RRO4KGR3" name="com.selenium.maventesting.RegTest" tests="1" failures="0" timestamp="09 Aug 2020 17:06:40 GMT" time="0.003" errors="0">
  <testcase name="doRegister" time="0.003" classname="com.selenium.maventesting.RegTest"/>
</testsuite> <!-- com.selenium.maventesting.RegTest -->
